*** Using Compiler 'V5.06 update 5 (build 528)', folder: 'D:\Keil5\ARM\ARMCC\Bin'
Rebuild target 'Template'
assembling startup_stm32f10x_hd.s...
compiling sys.c...
compiling core_cm3.c...
compiling stm32f10x_dac.c...
compiling stm32f10x_bkp.c...
compiling delay.c...
compiling stm32f10x_it.c...
compiling stm32f10x_crc.c...
compiling usart.c...
compiling misc.c...
compiling stm32f10x_cec.c...
compiling stm32f10x_adc.c...
compiling system_stm32f10x.c...
compiling main.c...
compiling stm32f10x_can.c...
compiling stm32f10x_dbgmcu.c...
compiling stm32f10x_dma.c...
compiling stm32f10x_exti.c...
compiling stm32f10x_flash.c...
compiling stm32f10x_i2c.c...
compiling stm32f10x_gpio.c...
compiling stm32f10x_pwr.c...
compiling stm32f10x_iwdg.c...
compiling stm32f10x_fsmc.c...
compiling stm32f10x_rtc.c...
compiling stm32f10x_wwdg.c...
compiling stm32f10x_sdio.c...
compiling stm32f10x_spi.c...
compiling stm32f10x_usart.c...
compiling led.c...
compiling stm32f10x_rcc.c...
compiling stm32f10x_tim.c...
compiling motor.c...
compiling key.c...
compiling OLED_Data.c...
compiling uart.c...
compiling time_count.c...
compiling system_init.c...
compiling servo.c...
compiling contral_claw.c...
compiling contral.c...
..\HARDWARE\CONTRAL\contral.c(831): warning:  #167-D: argument of type "char *" is incompatible with parameter of type "uint8_t *"
              UART1_SendString(UART5_RX_BUF);
..\HARDWARE\CONTRAL\contral.c: 1 warning, 0 errors
compiling ws2812.c...
compiling OLED.c...
linking...
Program Size: Code=19104 RO-data=2628 RW-data=116 ZI-data=2684  
FromELF: creating hex file...
"..\OBJ\Template.axf" - 0 Error(s), 1 Warning(s).
Build Time Elapsed:  00:00:03
